-------------------------------------------------------------------------------
Test set: com.cecilireid.springchallenges.SpringChallengesApplicationTests
-------------------------------------------------------------------------------
Tests run: 1, Failures: 0, Errors: 1, Skipped: 0, Time elapsed: 6.609 s <<< FAILURE! - in com.cecilireid.springchallenges.SpringChallengesApplicationTests
contextLoads  Time elapsed: 0.001 s  <<< ERROR!
java.lang.IllegalStateException: Failed to load ApplicationContext
Caused by: org.springframework.beans.factory.BeanCreationException: 
Error creating bean with name 'requestMappingHandlerMapping' defined in class path resource [org/springframework/boot/autoconfigure/web/servlet/WebMvcAutoConfiguration$EnableWebMvcConfiguration.class]: Invocation of init method failed; nested exception is java.lang.IllegalStateException: Ambiguous mapping. Cannot map 'cateringJobController' method 
com.cecilireid.springchallenges.CateringJobController#getCateringJobsByStatus(Status)
to {GET [/cateringJobs]}: There is already 'cateringJobController' bean method
com.cecilireid.springchallenges.CateringJobController#getCateringJobs() mapped.
Caused by: java.lang.IllegalStateException: 
Ambiguous mapping. Cannot map 'cateringJobController' method 
com.cecilireid.springchallenges.CateringJobController#getCateringJobsByStatus(Status)
to {GET [/cateringJobs]}: There is already 'cateringJobController' bean method
com.cecilireid.springchallenges.CateringJobController#getCateringJobs() mapped.

